21:48:52.333 [main] DEBUG com.intuit.karate.Suite - [config] classpath:karate-config.js
21:48:54.248 [main] INFO  com.intuit.karate - karate.env system property was: null 
21:48:54.801 [main] DEBUG com.intuit.karate - request:
1 > GET http://localhost:9090/normal/webapi/all
1 > Host: localhost:9090
1 > Connection: Keep-Alive
1 > User-Agent: Apache-HttpClient/4.5.13 (Java/16.0.2)
1 > Accept-Encoding: gzip,deflate


21:48:54.933 [main] DEBUG com.intuit.karate - response time in milliseconds: 124
1 < 200
1 < X-Content-Type-Options: nosniff
1 < X-XSS-Protection: 1; mode=block
1 < Cache-Control: no-cache, no-store, max-age=0, must-revalidate
1 < Pragma: no-cache
1 < Expires: 0
1 < X-Frame-Options: DENY
1 < Content-Type: application/json
1 < Transfer-Encoding: chunked
1 < Date: Wed, 13 Apr 2022 16:18:54 GMT
1 < Keep-Alive: timeout=60
1 < Connection: keep-alive
[{"jobId":1,"jobTitle":"Software Engg","jobDescription":"To develop andriod application","experience":["Google","Apple","Mobile Iron"],"project":[{"projectName":"Movie App","technology":["Kotlin","SQL Lite","Gradle"]}]}]
21:50:45.374 [main] DEBUG com.intuit.karate.Suite - [config] classpath:karate-config.js
22:13:07.033 [main] DEBUG com.intuit.karate.Suite - [config] classpath:karate-config.js
22:13:07.141 [main] INFO  com.intuit.karate.Suite - backed up existing 'target\karate-reports' dir to: target\karate-reports_1649868187141
22:13:08.235 [main] INFO  com.intuit.karate - karate.env system property was: null 
22:13:08.272 [main] INFO  com.intuit.karate - [print] ======= In the Background Keyword ============ 
22:13:08.616 [main] DEBUG com.intuit.karate - request:
1 > GET http://localhost:9090/normal/webapi/all
1 > Host: localhost:9090
1 > Connection: Keep-Alive
1 > User-Agent: Apache-HttpClient/4.5.13 (Java/16.0.2)
1 > Accept-Encoding: gzip,deflate


22:13:08.658 [main] DEBUG com.intuit.karate - response time in milliseconds: 39
1 < 200
1 < X-Content-Type-Options: nosniff
1 < X-XSS-Protection: 1; mode=block
1 < Cache-Control: no-cache, no-store, max-age=0, must-revalidate
1 < Pragma: no-cache
1 < Expires: 0
1 < X-Frame-Options: DENY
1 < Content-Type: application/json
1 < Transfer-Encoding: chunked
1 < Date: Wed, 13 Apr 2022 16:43:08 GMT
1 < Keep-Alive: timeout=60
1 < Connection: keep-alive
[{"jobId":1,"jobTitle":"Software Engg","jobDescription":"To develop andriod application","experience":["Google","Apple","Mobile Iron"],"project":[{"projectName":"Movie App","technology":["Kotlin","SQL Lite","Gradle"]}]}]
22:13:09.382 [main] INFO  com.intuit.karate.Suite - <<pass>> feature 1 of 1 (0 remaining) src/test/java/com/api/automation/getRequest/getRequest.feature
22:13:25.695 [main] DEBUG com.intuit.karate.Suite - [config] classpath:karate-config.js
14:08:52.840 [main] DEBUG com.intuit.karate.Suite - [config] classpath:karate-config.js
14:09:47.451 [main] DEBUG com.intuit.karate.Suite - [config] classpath:karate-config.js
14:09:50.127 [main] INFO  com.intuit.karate - karate.env system property was: null 
14:09:50.185 [main] INFO  com.intuit.karate - [print] ======= In the Background Keyword ============ 
14:09:51.173 [main] DEBUG com.intuit.karate - request:
1 > GET http://localhost:9090/normal/webapi/all
1 > Accept: application/json
1 > Host: localhost:9090
1 > Connection: Keep-Alive
1 > User-Agent: Apache-HttpClient/4.5.13 (Java/16.0.2)
1 > Accept-Encoding: gzip,deflate


14:09:51.861 [main] DEBUG com.intuit.karate - response time in milliseconds: 677
1 < 200
1 < X-Content-Type-Options: nosniff
1 < X-XSS-Protection: 1; mode=block
1 < Cache-Control: no-cache, no-store, max-age=0, must-revalidate
1 < Pragma: no-cache
1 < Expires: 0
1 < X-Frame-Options: DENY
1 < Content-Type: application/json
1 < Transfer-Encoding: chunked
1 < Date: Sun, 17 Apr 2022 08:39:51 GMT
1 < Keep-Alive: timeout=60
1 < Connection: keep-alive
[{"jobId":1,"jobTitle":"Software Engg","jobDescription":"To develop andriod application","experience":["Google","Apple","Mobile Iron"],"project":[{"projectName":"Movie App","technology":["Kotlin","SQL Lite","Gradle"]}]}]
14:09:52.020 [main] INFO  com.intuit.karate - [print] [
  {
    "jobId": 1,
    "jobTitle": "Software Engg",
    "jobDescription": "To develop andriod application",
    "experience": [
      "Google",
      "Apple",
      "Mobile Iron"
    ],
    "project": [
      {
        "projectName": "Movie App",
        "technology": [
          "Kotlin",
          "SQL Lite",
          "Gradle"
        ]
      }
    ]
  }
]
 
14:11:07.996 [main] ERROR com.intuit.karate.core.FeatureParser - not a valid feature file: com/api/automation/getRequest/getRequest.feature - mismatched input '[' expecting <EOF>
14:12:31.440 [main] ERROR com.intuit.karate.core.FeatureParser - not a valid feature file: com/api/automation/getRequest/MatchValidations.feature - mismatched input '[' expecting <EOF>
14:14:41.154 [main] DEBUG com.intuit.karate.Suite - [config] classpath:karate-config.js
14:14:42.872 [main] INFO  com.intuit.karate - karate.env system property was: null 
14:14:42.944 [main] INFO  com.intuit.karate - [print] ======= In the Background Keyword ============ 
14:14:43.390 [main] DEBUG com.intuit.karate - request:
1 > GET http://localhost:9090/normal/webapi/all
1 > Accept: application/json
1 > Host: localhost:9090
1 > Connection: Keep-Alive
1 > User-Agent: Apache-HttpClient/4.5.13 (Java/16.0.2)
1 > Accept-Encoding: gzip,deflate


14:14:43.462 [main] DEBUG com.intuit.karate - response time in milliseconds: 68
1 < 200
1 < X-Content-Type-Options: nosniff
1 < X-XSS-Protection: 1; mode=block
1 < Cache-Control: no-cache, no-store, max-age=0, must-revalidate
1 < Pragma: no-cache
1 < Expires: 0
1 < X-Frame-Options: DENY
1 < Content-Type: application/json
1 < Transfer-Encoding: chunked
1 < Date: Sun, 17 Apr 2022 08:44:43 GMT
1 < Keep-Alive: timeout=60
1 < Connection: keep-alive
[{"jobId":1,"jobTitle":"Software Engg","jobDescription":"To develop andriod application","experience":["Google","Apple","Mobile Iron"],"project":[{"projectName":"Movie App","technology":["Kotlin","SQL Lite","Gradle"]}]}]
14:14:43.554 [main] INFO  com.intuit.karate - [print] [
  {
    "jobId": 1,
    "jobTitle": "Software Engg",
    "jobDescription": "To develop andriod application",
    "experience": [
      "Google",
      "Apple",
      "Mobile Iron"
    ],
    "project": [
      {
        "projectName": "Movie App",
        "technology": [
          "Kotlin",
          "SQL Lite",
          "Gradle"
        ]
      }
    ]
  }
]
 
14:14:44.734 [main] INFO  com.intuit.karate - karate.env system property was: null 
14:14:44.740 [main] DEBUG com.intuit.karate - request:
1 > GET http://localhost:9090/normal/webapi/all
1 > Accept: application/json
1 > Host: localhost:9090
1 > Connection: Keep-Alive
1 > User-Agent: Apache-HttpClient/4.5.13 (Java/16.0.2)
1 > Accept-Encoding: gzip,deflate


14:14:44.747 [main] DEBUG com.intuit.karate - response time in milliseconds: 7
1 < 200
1 < X-Content-Type-Options: nosniff
1 < X-XSS-Protection: 1; mode=block
1 < Cache-Control: no-cache, no-store, max-age=0, must-revalidate
1 < Pragma: no-cache
1 < Expires: 0
1 < X-Frame-Options: DENY
1 < Content-Type: application/json
1 < Transfer-Encoding: chunked
1 < Date: Sun, 17 Apr 2022 08:44:44 GMT
1 < Keep-Alive: timeout=60
1 < Connection: keep-alive
[{"jobId":1,"jobTitle":"Software Engg","jobDescription":"To develop andriod application","experience":["Google","Apple","Mobile Iron"],"project":[{"projectName":"Movie App","technology":["Kotlin","SQL Lite","Gradle"]}]}]
14:31:27.497 [main] DEBUG com.intuit.karate.Suite - [config] classpath:karate-config.js
14:31:28.574 [main] INFO  com.intuit.karate - karate.env system property was: null 
14:31:28.618 [main] INFO  com.intuit.karate - [print] ======= In the Background Keyword ============ 
14:31:28.914 [main] DEBUG com.intuit.karate - request:
1 > GET http://localhost:9090/normal/webapi/all
1 > Accept: application/json
1 > Host: localhost:9090
1 > Connection: Keep-Alive
1 > User-Agent: Apache-HttpClient/4.5.13 (Java/16.0.2)
1 > Accept-Encoding: gzip,deflate


14:31:28.951 [main] DEBUG com.intuit.karate - response time in milliseconds: 34
1 < 200
1 < X-Content-Type-Options: nosniff
1 < X-XSS-Protection: 1; mode=block
1 < Cache-Control: no-cache, no-store, max-age=0, must-revalidate
1 < Pragma: no-cache
1 < Expires: 0
1 < X-Frame-Options: DENY
1 < Content-Type: application/json
1 < Transfer-Encoding: chunked
1 < Date: Sun, 17 Apr 2022 09:01:28 GMT
1 < Keep-Alive: timeout=60
1 < Connection: keep-alive
[{"jobId":1,"jobTitle":"Software Engg","jobDescription":"To develop andriod application","experience":["Google","Apple","Mobile Iron"],"project":[{"projectName":"Movie App","technology":["Kotlin","SQL Lite","Gradle"]}]}]
14:31:28.987 [main] INFO  com.intuit.karate - [print] [
  {
    "jobId": 1,
    "jobTitle": "Software Engg",
    "jobDescription": "To develop andriod application",
    "experience": [
      "Google",
      "Apple",
      "Mobile Iron"
    ],
    "project": [
      {
        "projectName": "Movie App",
        "technology": [
          "Kotlin",
          "SQL Lite",
          "Gradle"
        ]
      }
    ]
  }
]
 
14:31:29.609 [main] INFO  com.intuit.karate - karate.env system property was: null 
14:31:29.613 [main] DEBUG com.intuit.karate - request:
1 > GET http://localhost:9090/normal/webapi/all
1 > Accept: application/json
1 > Host: localhost:9090
1 > Connection: Keep-Alive
1 > User-Agent: Apache-HttpClient/4.5.13 (Java/16.0.2)
1 > Accept-Encoding: gzip,deflate


14:31:29.618 [main] DEBUG com.intuit.karate - response time in milliseconds: 5
1 < 200
1 < X-Content-Type-Options: nosniff
1 < X-XSS-Protection: 1; mode=block
1 < Cache-Control: no-cache, no-store, max-age=0, must-revalidate
1 < Pragma: no-cache
1 < Expires: 0
1 < X-Frame-Options: DENY
1 < Content-Type: application/json
1 < Transfer-Encoding: chunked
1 < Date: Sun, 17 Apr 2022 09:01:28 GMT
1 < Keep-Alive: timeout=60
1 < Connection: keep-alive
[{"jobId":1,"jobTitle":"Software Engg","jobDescription":"To develop andriod application","experience":["Google","Apple","Mobile Iron"],"project":[{"projectName":"Movie App","technology":["Kotlin","SQL Lite","Gradle"]}]}]
14:31:29.759 [main] INFO  com.intuit.karate - karate.env system property was: null 
14:31:29.762 [main] DEBUG com.intuit.karate - request:
1 > GET http://localhost:9090/normal/webapi/all
1 > Accept: application/json
1 > Host: localhost:9090
1 > Connection: Keep-Alive
1 > User-Agent: Apache-HttpClient/4.5.13 (Java/16.0.2)
1 > Accept-Encoding: gzip,deflate


14:31:29.769 [main] DEBUG com.intuit.karate - response time in milliseconds: 7
1 < 200
1 < X-Content-Type-Options: nosniff
1 < X-XSS-Protection: 1; mode=block
1 < Cache-Control: no-cache, no-store, max-age=0, must-revalidate
1 < Pragma: no-cache
1 < Expires: 0
1 < X-Frame-Options: DENY
1 < Content-Type: application/json
1 < Transfer-Encoding: chunked
1 < Date: Sun, 17 Apr 2022 09:01:28 GMT
1 < Keep-Alive: timeout=60
1 < Connection: keep-alive
[{"jobId":1,"jobTitle":"Software Engg","jobDescription":"To develop andriod application","experience":["Google","Apple","Mobile Iron"],"project":[{"projectName":"Movie App","technology":["Kotlin","SQL Lite","Gradle"]}]}]
14:32:30.380 [main] DEBUG com.intuit.karate.Suite - [config] classpath:karate-config.js
14:32:31.439 [main] INFO  com.intuit.karate - karate.env system property was: null 
14:32:31.481 [main] INFO  com.intuit.karate - [print] ======= In the Background Keyword ============ 
14:32:31.770 [main] DEBUG com.intuit.karate - request:
1 > GET http://localhost:9090/normal/webapi/all
1 > Accept: application/json
1 > Host: localhost:9090
1 > Connection: Keep-Alive
1 > User-Agent: Apache-HttpClient/4.5.13 (Java/16.0.2)
1 > Accept-Encoding: gzip,deflate


14:32:31.804 [main] DEBUG com.intuit.karate - response time in milliseconds: 32
1 < 200
1 < X-Content-Type-Options: nosniff
1 < X-XSS-Protection: 1; mode=block
1 < Cache-Control: no-cache, no-store, max-age=0, must-revalidate
1 < Pragma: no-cache
1 < Expires: 0
1 < X-Frame-Options: DENY
1 < Content-Type: application/json
1 < Transfer-Encoding: chunked
1 < Date: Sun, 17 Apr 2022 09:02:31 GMT
1 < Keep-Alive: timeout=60
1 < Connection: keep-alive
[{"jobId":1,"jobTitle":"Software Engg","jobDescription":"To develop andriod application","experience":["Google","Apple","Mobile Iron"],"project":[{"projectName":"Movie App","technology":["Kotlin","SQL Lite","Gradle"]}]}]
14:32:31.839 [main] INFO  com.intuit.karate - [print] [
  {
    "jobId": 1,
    "jobTitle": "Software Engg",
    "jobDescription": "To develop andriod application",
    "experience": [
      "Google",
      "Apple",
      "Mobile Iron"
    ],
    "project": [
      {
        "projectName": "Movie App",
        "technology": [
          "Kotlin",
          "SQL Lite",
          "Gradle"
        ]
      }
    ]
  }
]
 
14:32:32.482 [main] INFO  com.intuit.karate - karate.env system property was: null 
14:32:32.486 [main] DEBUG com.intuit.karate - request:
1 > GET http://localhost:9090/normal/webapi/all
1 > Accept: application/json
1 > Host: localhost:9090
1 > Connection: Keep-Alive
1 > User-Agent: Apache-HttpClient/4.5.13 (Java/16.0.2)
1 > Accept-Encoding: gzip,deflate


14:32:32.491 [main] DEBUG com.intuit.karate - response time in milliseconds: 5
1 < 200
1 < X-Content-Type-Options: nosniff
1 < X-XSS-Protection: 1; mode=block
1 < Cache-Control: no-cache, no-store, max-age=0, must-revalidate
1 < Pragma: no-cache
1 < Expires: 0
1 < X-Frame-Options: DENY
1 < Content-Type: application/json
1 < Transfer-Encoding: chunked
1 < Date: Sun, 17 Apr 2022 09:02:31 GMT
1 < Keep-Alive: timeout=60
1 < Connection: keep-alive
[{"jobId":1,"jobTitle":"Software Engg","jobDescription":"To develop andriod application","experience":["Google","Apple","Mobile Iron"],"project":[{"projectName":"Movie App","technology":["Kotlin","SQL Lite","Gradle"]}]}]
14:32:32.617 [main] INFO  com.intuit.karate - karate.env system property was: null 
14:32:32.621 [main] DEBUG com.intuit.karate - request:
1 > GET http://localhost:9090/normal/webapi/all
1 > Accept: application/json
1 > Host: localhost:9090
1 > Connection: Keep-Alive
1 > User-Agent: Apache-HttpClient/4.5.13 (Java/16.0.2)
1 > Accept-Encoding: gzip,deflate


14:32:32.626 [main] DEBUG com.intuit.karate - response time in milliseconds: 5
1 < 200
1 < X-Content-Type-Options: nosniff
1 < X-XSS-Protection: 1; mode=block
1 < Cache-Control: no-cache, no-store, max-age=0, must-revalidate
1 < Pragma: no-cache
1 < Expires: 0
1 < X-Frame-Options: DENY
1 < Content-Type: application/json
1 < Transfer-Encoding: chunked
1 < Date: Sun, 17 Apr 2022 09:02:31 GMT
1 < Keep-Alive: timeout=60
1 < Connection: keep-alive
[{"jobId":1,"jobTitle":"Software Engg","jobDescription":"To develop andriod application","experience":["Google","Apple","Mobile Iron"],"project":[{"projectName":"Movie App","technology":["Kotlin","SQL Lite","Gradle"]}]}]
14:32:32.670 [main] ERROR com.intuit.karate - classpath:com/api/automation/getRequest/ValidateJSONArray.feature:13
And print response.[0].jobId == 1"======================================="
js failed:
>>>>
01: karate.log('[print]',response.[0].jobId == 1"=======================================")
<<<<
org.graalvm.polyglot.PolyglotException: SyntaxError: Unnamed:1:30 Expected ident but found [
karate.log('[print]',response.[0].jobId == 1"=======================================")
                              ^

- org.graalvm.polyglot.Context.eval(Context.java:401)
- com.intuit.karate.graal.JsEngine.evalForValue(JsEngine.java:141)
- com.intuit.karate.graal.JsEngine.eval(JsEngine.java:137)
- com.intuit.karate.core.ScenarioEngine.evalJs(ScenarioEngine.java:1252)
- com.intuit.karate.core.ScenarioEngine.print(ScenarioEngine.java:242)
- com.intuit.karate.ScenarioActions.print(ScenarioActions.java:296)
- java.base/jdk.internal.reflect.NativeMethodAccessorImpl.invoke0(Native Method)

classpath:com/api/automation/getRequest/ValidateJSONArray.feature:13
14:33:29.837 [main] DEBUG com.intuit.karate.Suite - [config] classpath:karate-config.js
14:33:30.903 [main] INFO  com.intuit.karate - karate.env system property was: null 
14:33:30.941 [main] INFO  com.intuit.karate - [print] ======= In the Background Keyword ============ 
14:33:31.243 [main] DEBUG com.intuit.karate - request:
1 > GET http://localhost:9090/normal/webapi/all
1 > Accept: application/json
1 > Host: localhost:9090
1 > Connection: Keep-Alive
1 > User-Agent: Apache-HttpClient/4.5.13 (Java/16.0.2)
1 > Accept-Encoding: gzip,deflate


14:33:31.279 [main] DEBUG com.intuit.karate - response time in milliseconds: 34
1 < 200
1 < X-Content-Type-Options: nosniff
1 < X-XSS-Protection: 1; mode=block
1 < Cache-Control: no-cache, no-store, max-age=0, must-revalidate
1 < Pragma: no-cache
1 < Expires: 0
1 < X-Frame-Options: DENY
1 < Content-Type: application/json
1 < Transfer-Encoding: chunked
1 < Date: Sun, 17 Apr 2022 09:03:31 GMT
1 < Keep-Alive: timeout=60
1 < Connection: keep-alive
[{"jobId":1,"jobTitle":"Software Engg","jobDescription":"To develop andriod application","experience":["Google","Apple","Mobile Iron"],"project":[{"projectName":"Movie App","technology":["Kotlin","SQL Lite","Gradle"]}]}]
14:33:31.319 [main] INFO  com.intuit.karate - [print] [
  {
    "jobId": 1,
    "jobTitle": "Software Engg",
    "jobDescription": "To develop andriod application",
    "experience": [
      "Google",
      "Apple",
      "Mobile Iron"
    ],
    "project": [
      {
        "projectName": "Movie App",
        "technology": [
          "Kotlin",
          "SQL Lite",
          "Gradle"
        ]
      }
    ]
  }
]
 
14:33:31.940 [main] INFO  com.intuit.karate - karate.env system property was: null 
14:33:31.944 [main] DEBUG com.intuit.karate - request:
1 > GET http://localhost:9090/normal/webapi/all
1 > Accept: application/json
1 > Host: localhost:9090
1 > Connection: Keep-Alive
1 > User-Agent: Apache-HttpClient/4.5.13 (Java/16.0.2)
1 > Accept-Encoding: gzip,deflate


14:33:31.951 [main] DEBUG com.intuit.karate - response time in milliseconds: 6
1 < 200
1 < X-Content-Type-Options: nosniff
1 < X-XSS-Protection: 1; mode=block
1 < Cache-Control: no-cache, no-store, max-age=0, must-revalidate
1 < Pragma: no-cache
1 < Expires: 0
1 < X-Frame-Options: DENY
1 < Content-Type: application/json
1 < Transfer-Encoding: chunked
1 < Date: Sun, 17 Apr 2022 09:03:31 GMT
1 < Keep-Alive: timeout=60
1 < Connection: keep-alive
[{"jobId":1,"jobTitle":"Software Engg","jobDescription":"To develop andriod application","experience":["Google","Apple","Mobile Iron"],"project":[{"projectName":"Movie App","technology":["Kotlin","SQL Lite","Gradle"]}]}]
14:33:32.078 [main] INFO  com.intuit.karate - karate.env system property was: null 
14:33:32.080 [main] DEBUG com.intuit.karate - request:
1 > GET http://localhost:9090/normal/webapi/all
1 > Accept: application/json
1 > Host: localhost:9090
1 > Connection: Keep-Alive
1 > User-Agent: Apache-HttpClient/4.5.13 (Java/16.0.2)
1 > Accept-Encoding: gzip,deflate


14:33:32.086 [main] DEBUG com.intuit.karate - response time in milliseconds: 6
1 < 200
1 < X-Content-Type-Options: nosniff
1 < X-XSS-Protection: 1; mode=block
1 < Cache-Control: no-cache, no-store, max-age=0, must-revalidate
1 < Pragma: no-cache
1 < Expires: 0
1 < X-Frame-Options: DENY
1 < Content-Type: application/json
1 < Transfer-Encoding: chunked
1 < Date: Sun, 17 Apr 2022 09:03:31 GMT
1 < Keep-Alive: timeout=60
1 < Connection: keep-alive
[{"jobId":1,"jobTitle":"Software Engg","jobDescription":"To develop andriod application","experience":["Google","Apple","Mobile Iron"],"project":[{"projectName":"Movie App","technology":["Kotlin","SQL Lite","Gradle"]}]}]
14:33:32.091 [main] INFO  com.intuit.karate - [print] response.[0].jobId == 1 
14:34:16.933 [main] DEBUG com.intuit.karate.Suite - [config] classpath:karate-config.js
14:34:18.030 [main] INFO  com.intuit.karate - karate.env system property was: null 
14:34:18.371 [main] DEBUG com.intuit.karate - request:
1 > GET http://localhost:9090/normal/webapi/all
1 > Accept: application/json
1 > Host: localhost:9090
1 > Connection: Keep-Alive
1 > User-Agent: Apache-HttpClient/4.5.13 (Java/16.0.2)
1 > Accept-Encoding: gzip,deflate


14:34:18.411 [main] DEBUG com.intuit.karate - response time in milliseconds: 39
1 < 200
1 < X-Content-Type-Options: nosniff
1 < X-XSS-Protection: 1; mode=block
1 < Cache-Control: no-cache, no-store, max-age=0, must-revalidate
1 < Pragma: no-cache
1 < Expires: 0
1 < X-Frame-Options: DENY
1 < Content-Type: application/json
1 < Transfer-Encoding: chunked
1 < Date: Sun, 17 Apr 2022 09:04:18 GMT
1 < Keep-Alive: timeout=60
1 < Connection: keep-alive
[{"jobId":1,"jobTitle":"Software Engg","jobDescription":"To develop andriod application","experience":["Google","Apple","Mobile Iron"],"project":[{"projectName":"Movie App","technology":["Kotlin","SQL Lite","Gradle"]}]}]
14:36:09.167 [main] DEBUG com.intuit.karate.Suite - [config] classpath:karate-config.js
14:36:10.245 [main] INFO  com.intuit.karate - karate.env system property was: null 
14:36:10.582 [main] DEBUG com.intuit.karate - request:
1 > GET http://localhost:9090/normal/webapi/all
1 > Accept: application/json
1 > Host: localhost:9090
1 > Connection: Keep-Alive
1 > User-Agent: Apache-HttpClient/4.5.13 (Java/16.0.2)
1 > Accept-Encoding: gzip,deflate


14:36:10.620 [main] DEBUG com.intuit.karate - response time in milliseconds: 35
1 < 200
1 < X-Content-Type-Options: nosniff
1 < X-XSS-Protection: 1; mode=block
1 < Cache-Control: no-cache, no-store, max-age=0, must-revalidate
1 < Pragma: no-cache
1 < Expires: 0
1 < X-Frame-Options: DENY
1 < Content-Type: application/json
1 < Transfer-Encoding: chunked
1 < Date: Sun, 17 Apr 2022 09:06:10 GMT
1 < Keep-Alive: timeout=60
1 < Connection: keep-alive
[{"jobId":1,"jobTitle":"Software Engg","jobDescription":"To develop andriod application","experience":["Google","Apple","Mobile Iron"],"project":[{"projectName":"Movie App","technology":["Kotlin","SQL Lite","Gradle"]}]}]
14:36:35.054 [main] DEBUG com.intuit.karate.Suite - [config] classpath:karate-config.js
14:36:35.059 [main] INFO  com.intuit.karate.Suite - backed up existing 'target\karate-reports' dir to: target\karate-reports_1650186395058
14:36:36.082 [main] INFO  com.intuit.karate - karate.env system property was: null 
14:36:36.134 [main] INFO  com.intuit.karate - [print] ======= In the Background Keyword ============ 
14:36:36.473 [main] DEBUG com.intuit.karate - request:
1 > GET http://localhost:9090/normal/webapi/all
1 > Accept: application/json
1 > Host: localhost:9090
1 > Connection: Keep-Alive
1 > User-Agent: Apache-HttpClient/4.5.13 (Java/16.0.2)
1 > Accept-Encoding: gzip,deflate


14:36:36.515 [main] DEBUG com.intuit.karate - response time in milliseconds: 40
1 < 200
1 < X-Content-Type-Options: nosniff
1 < X-XSS-Protection: 1; mode=block
1 < Cache-Control: no-cache, no-store, max-age=0, must-revalidate
1 < Pragma: no-cache
1 < Expires: 0
1 < X-Frame-Options: DENY
1 < Content-Type: application/json
1 < Transfer-Encoding: chunked
1 < Date: Sun, 17 Apr 2022 09:06:36 GMT
1 < Keep-Alive: timeout=60
1 < Connection: keep-alive
[{"jobId":1,"jobTitle":"Software Engg","jobDescription":"To develop andriod application","experience":["Google","Apple","Mobile Iron"],"project":[{"projectName":"Movie App","technology":["Kotlin","SQL Lite","Gradle"]}]}]
14:36:36.548 [main] INFO  com.intuit.karate - [print] [
  {
    "jobId": 1,
    "jobTitle": "Software Engg",
    "jobDescription": "To develop andriod application",
    "experience": [
      "Google",
      "Apple",
      "Mobile Iron"
    ],
    "project": [
      {
        "projectName": "Movie App",
        "technology": [
          "Kotlin",
          "SQL Lite",
          "Gradle"
        ]
      }
    ]
  }
]
 
14:36:37.288 [main] INFO  com.intuit.karate.Suite - <<pass>> feature 1 of 1 (0 remaining) src/test/java/com/api/automation/getRequest/getRequest.feature
14:38:23.151 [main] DEBUG com.intuit.karate.Suite - [config] classpath:karate-config.js
14:38:24.237 [main] INFO  com.intuit.karate - karate.env system property was: null 
14:38:24.585 [main] DEBUG com.intuit.karate - request:
1 > GET http://localhost:9090/normal/webapi/all
1 > Accept: application/json
1 > Host: localhost:9090
1 > Connection: Keep-Alive
1 > User-Agent: Apache-HttpClient/4.5.13 (Java/16.0.2)
1 > Accept-Encoding: gzip,deflate


14:38:24.622 [main] DEBUG com.intuit.karate - response time in milliseconds: 35
1 < 200
1 < X-Content-Type-Options: nosniff
1 < X-XSS-Protection: 1; mode=block
1 < Cache-Control: no-cache, no-store, max-age=0, must-revalidate
1 < Pragma: no-cache
1 < Expires: 0
1 < X-Frame-Options: DENY
1 < Content-Type: application/json
1 < Transfer-Encoding: chunked
1 < Date: Sun, 17 Apr 2022 09:08:24 GMT
1 < Keep-Alive: timeout=60
1 < Connection: keep-alive
[{"jobId":1,"jobTitle":"Software Engg","jobDescription":"To develop andriod application","experience":["Google","Apple","Mobile Iron"],"project":[{"projectName":"Movie App","technology":["Kotlin","SQL Lite","Gradle"]}]}]
14:38:24.678 [main] ERROR com.intuit.karate - classpath:com/api/automation/getRequest/ValidateJSONArray.feature:12
And match response.[0].jobId == 2
match failed: EQUALS
  $ | not equal (NUMBER:NUMBER)
  1
  2

classpath:com/api/automation/getRequest/ValidateJSONArray.feature:12
14:38:46.213 [main] DEBUG com.intuit.karate.Suite - [config] classpath:karate-config.js
14:38:46.217 [main] INFO  com.intuit.karate.Suite - backed up existing 'target\karate-reports' dir to: target\karate-reports_1650186526217
14:38:47.203 [main] INFO  com.intuit.karate - karate.env system property was: null 
14:38:47.241 [main] INFO  com.intuit.karate - [print] ======= In the Background Keyword ============ 
14:38:47.567 [main] DEBUG com.intuit.karate - request:
1 > GET http://localhost:9090/normal/webapi/all
1 > Accept: application/json
1 > Host: localhost:9090
1 > Connection: Keep-Alive
1 > User-Agent: Apache-HttpClient/4.5.13 (Java/16.0.2)
1 > Accept-Encoding: gzip,deflate


14:38:47.612 [main] DEBUG com.intuit.karate - response time in milliseconds: 43
1 < 200
1 < X-Content-Type-Options: nosniff
1 < X-XSS-Protection: 1; mode=block
1 < Cache-Control: no-cache, no-store, max-age=0, must-revalidate
1 < Pragma: no-cache
1 < Expires: 0
1 < X-Frame-Options: DENY
1 < Content-Type: application/json
1 < Transfer-Encoding: chunked
1 < Date: Sun, 17 Apr 2022 09:08:47 GMT
1 < Keep-Alive: timeout=60
1 < Connection: keep-alive
[{"jobId":1,"jobTitle":"Software Engg","jobDescription":"To develop andriod application","experience":["Google","Apple","Mobile Iron"],"project":[{"projectName":"Movie App","technology":["Kotlin","SQL Lite","Gradle"]}]}]
14:38:47.645 [main] INFO  com.intuit.karate - [print] [
  {
    "jobId": 1,
    "jobTitle": "Software Engg",
    "jobDescription": "To develop andriod application",
    "experience": [
      "Google",
      "Apple",
      "Mobile Iron"
    ],
    "project": [
      {
        "projectName": "Movie App",
        "technology": [
          "Kotlin",
          "SQL Lite",
          "Gradle"
        ]
      }
    ]
  }
]
 
14:38:48.422 [main] INFO  com.intuit.karate.Suite - <<pass>> feature 1 of 1 (0 remaining) src/test/java/com/api/automation/getRequest/getRequest.feature
14:39:43.967 [main] DEBUG com.intuit.karate.Suite - [config] classpath:karate-config.js
14:39:45.028 [main] INFO  com.intuit.karate - karate.env system property was: null 
14:39:45.371 [main] DEBUG com.intuit.karate - request:
1 > GET http://localhost:9090/normal/webapi/all
1 > Accept: application/json
1 > Host: localhost:9090
1 > Connection: Keep-Alive
1 > User-Agent: Apache-HttpClient/4.5.13 (Java/16.0.2)
1 > Accept-Encoding: gzip,deflate


14:39:45.405 [main] DEBUG com.intuit.karate - response time in milliseconds: 31
1 < 200
1 < X-Content-Type-Options: nosniff
1 < X-XSS-Protection: 1; mode=block
1 < Cache-Control: no-cache, no-store, max-age=0, must-revalidate
1 < Pragma: no-cache
1 < Expires: 0
1 < X-Frame-Options: DENY
1 < Content-Type: application/json
1 < Transfer-Encoding: chunked
1 < Date: Sun, 17 Apr 2022 09:09:45 GMT
1 < Keep-Alive: timeout=60
1 < Connection: keep-alive
[{"jobId":1,"jobTitle":"Software Engg","jobDescription":"To develop andriod application","experience":["Google","Apple","Mobile Iron"],"project":[{"projectName":"Movie App","technology":["Kotlin","SQL Lite","Gradle"]}]}]
14:40:14.790 [main] DEBUG com.intuit.karate.Suite - [config] classpath:karate-config.js
14:40:15.847 [main] INFO  com.intuit.karate - karate.env system property was: null 
14:40:16.183 [main] DEBUG com.intuit.karate - request:
1 > GET http://localhost:9090/normal/webapi/all
1 > Accept: application/json
1 > Host: localhost:9090
1 > Connection: Keep-Alive
1 > User-Agent: Apache-HttpClient/4.5.13 (Java/16.0.2)
1 > Accept-Encoding: gzip,deflate


14:40:16.225 [main] DEBUG com.intuit.karate - response time in milliseconds: 39
1 < 200
1 < X-Content-Type-Options: nosniff
1 < X-XSS-Protection: 1; mode=block
1 < Cache-Control: no-cache, no-store, max-age=0, must-revalidate
1 < Pragma: no-cache
1 < Expires: 0
1 < X-Frame-Options: DENY
1 < Content-Type: application/json
1 < Transfer-Encoding: chunked
1 < Date: Sun, 17 Apr 2022 09:10:16 GMT
1 < Keep-Alive: timeout=60
1 < Connection: keep-alive
[{"jobId":1,"jobTitle":"Software Engg","jobDescription":"To develop andriod application","experience":["Google","Apple","Mobile Iron"],"project":[{"projectName":"Movie App","technology":["Kotlin","SQL Lite","Gradle"]}]}]
14:40:16.281 [main] ERROR com.intuit.karate - classpath:com/api/automation/getRequest/ValidateJSONArray.feature:13
And match response.[0].jobTitle == "SSftware Engg"
match failed: EQUALS
  $ | not equal (STRING:STRING)
  'Software Engg'
  'SSftware Engg'

classpath:com/api/automation/getRequest/ValidateJSONArray.feature:13
14:41:40.643 [main] DEBUG com.intuit.karate.Suite - [config] classpath:karate-config.js
14:41:41.829 [main] INFO  com.intuit.karate - karate.env system property was: null 
14:41:42.196 [main] DEBUG com.intuit.karate - request:
1 > GET http://localhost:9090/normal/webapi/all
1 > Accept: application/json
1 > Host: localhost:9090
1 > Connection: Keep-Alive
1 > User-Agent: Apache-HttpClient/4.5.13 (Java/16.0.2)
1 > Accept-Encoding: gzip,deflate


14:41:42.235 [main] DEBUG com.intuit.karate - response time in milliseconds: 35
1 < 200
1 < X-Content-Type-Options: nosniff
1 < X-XSS-Protection: 1; mode=block
1 < Cache-Control: no-cache, no-store, max-age=0, must-revalidate
1 < Pragma: no-cache
1 < Expires: 0
1 < X-Frame-Options: DENY
1 < Content-Type: application/json
1 < Transfer-Encoding: chunked
1 < Date: Sun, 17 Apr 2022 09:11:42 GMT
1 < Keep-Alive: timeout=60
1 < Connection: keep-alive
[{"jobId":1,"jobTitle":"Software Engg","jobDescription":"To develop andriod application","experience":["Google","Apple","Mobile Iron"],"project":[{"projectName":"Movie App","technology":["Kotlin","SQL Lite","Gradle"]}]}]
14:41:42.284 [main] ERROR com.intuit.karate - classpath:com/api/automation/getRequest/ValidateJSONArray.feature:14
And match responcse.[0].jobDescription == "To develop andriod application"
js failed:
>>>>
01: responcse
<<<<
org.graalvm.polyglot.PolyglotException: ReferenceError: "responcse" is not defined
- <js>.:program(Unnamed:1)

classpath:com/api/automation/getRequest/ValidateJSONArray.feature:14
14:42:25.095 [main] DEBUG com.intuit.karate.Suite - [config] classpath:karate-config.js
14:42:26.187 [main] INFO  com.intuit.karate - karate.env system property was: null 
14:42:26.527 [main] DEBUG com.intuit.karate - request:
1 > GET http://localhost:9090/normal/webapi/all
1 > Accept: application/json
1 > Host: localhost:9090
1 > Connection: Keep-Alive
1 > User-Agent: Apache-HttpClient/4.5.13 (Java/16.0.2)
1 > Accept-Encoding: gzip,deflate


14:42:26.716 [main] DEBUG com.intuit.karate - response time in milliseconds: 36
1 < 200
1 < X-Content-Type-Options: nosniff
1 < X-XSS-Protection: 1; mode=block
1 < Cache-Control: no-cache, no-store, max-age=0, must-revalidate
1 < Pragma: no-cache
1 < Expires: 0
1 < X-Frame-Options: DENY
1 < Content-Type: application/json
1 < Transfer-Encoding: chunked
1 < Date: Sun, 17 Apr 2022 09:12:26 GMT
1 < Keep-Alive: timeout=60
1 < Connection: keep-alive
[{"jobId":1,"jobTitle":"Software Engg","jobDescription":"To develop andriod application","experience":["Google","Apple","Mobile Iron"],"project":[{"projectName":"Movie App","technology":["Kotlin","SQL Lite","Gradle"]}]}]
14:42:26.765 [main] ERROR com.intuit.karate - classpath:com/api/automation/getRequest/ValidateJSONArray.feature:14
And match responcse.[0].jobDescription == "To develop andriod application"
js failed:
>>>>
01: responcse
<<<<
org.graalvm.polyglot.PolyglotException: ReferenceError: "responcse" is not defined
- <js>.:program(Unnamed:1)

classpath:com/api/automation/getRequest/ValidateJSONArray.feature:14
14:42:52.553 [main] DEBUG com.intuit.karate.Suite - [config] classpath:karate-config.js
14:42:53.609 [main] INFO  com.intuit.karate - karate.env system property was: null 
14:42:53.931 [main] DEBUG com.intuit.karate - request:
1 > GET http://localhost:9090/normal/webapi/all
1 > Accept: application/json
1 > Host: localhost:9090
1 > Connection: Keep-Alive
1 > User-Agent: Apache-HttpClient/4.5.13 (Java/16.0.2)
1 > Accept-Encoding: gzip,deflate


14:42:54.092 [main] DEBUG com.intuit.karate - response time in milliseconds: 33
1 < 200
1 < X-Content-Type-Options: nosniff
1 < X-XSS-Protection: 1; mode=block
1 < Cache-Control: no-cache, no-store, max-age=0, must-revalidate
1 < Pragma: no-cache
1 < Expires: 0
1 < X-Frame-Options: DENY
1 < Content-Type: application/json
1 < Transfer-Encoding: chunked
1 < Date: Sun, 17 Apr 2022 09:12:54 GMT
1 < Keep-Alive: timeout=60
1 < Connection: keep-alive
[{"jobId":1,"jobTitle":"Software Engg","jobDescription":"To develop andriod application","experience":["Google","Apple","Mobile Iron"],"project":[{"projectName":"Movie App","technology":["Kotlin","SQL Lite","Gradle"]}]}]
14:44:00.944 [main] DEBUG com.intuit.karate.Suite - [config] classpath:karate-config.js
14:44:01.987 [main] INFO  com.intuit.karate - karate.env system property was: null 
14:44:02.324 [main] DEBUG com.intuit.karate - request:
1 > GET http://localhost:9090/normal/webapi/all
1 > Accept: application/json
1 > Host: localhost:9090
1 > Connection: Keep-Alive
1 > User-Agent: Apache-HttpClient/4.5.13 (Java/16.0.2)
1 > Accept-Encoding: gzip,deflate


14:44:02.357 [main] DEBUG com.intuit.karate - response time in milliseconds: 31
1 < 200
1 < X-Content-Type-Options: nosniff
1 < X-XSS-Protection: 1; mode=block
1 < Cache-Control: no-cache, no-store, max-age=0, must-revalidate
1 < Pragma: no-cache
1 < Expires: 0
1 < X-Frame-Options: DENY
1 < Content-Type: application/json
1 < Transfer-Encoding: chunked
1 < Date: Sun, 17 Apr 2022 09:14:02 GMT
1 < Keep-Alive: timeout=60
1 < Connection: keep-alive
[{"jobId":1,"jobTitle":"Software Engg","jobDescription":"To develop andriod application","experience":["Google","Apple","Mobile Iron"],"project":[{"projectName":"Movie App","technology":["Kotlin","SQL Lite","Gradle"]}]}]
14:44:02.414 [main] ERROR com.intuit.karate - classpath:com/api/automation/getRequest/ValidateJSONArray.feature:15
And match response.[0].experience.[*]
no step-definition method match found for: match response.[0].experience.[*]
classpath:com/api/automation/getRequest/ValidateJSONArray.feature:15
14:44:43.818 [main] DEBUG com.intuit.karate.Suite - [config] classpath:karate-config.js
14:44:44.897 [main] INFO  com.intuit.karate - karate.env system property was: null 
14:44:45.228 [main] DEBUG com.intuit.karate - request:
1 > GET http://localhost:9090/normal/webapi/all
1 > Accept: application/json
1 > Host: localhost:9090
1 > Connection: Keep-Alive
1 > User-Agent: Apache-HttpClient/4.5.13 (Java/16.0.2)
1 > Accept-Encoding: gzip,deflate


14:44:45.266 [main] DEBUG com.intuit.karate - response time in milliseconds: 36
1 < 200
1 < X-Content-Type-Options: nosniff
1 < X-XSS-Protection: 1; mode=block
1 < Cache-Control: no-cache, no-store, max-age=0, must-revalidate
1 < Pragma: no-cache
1 < Expires: 0
1 < X-Frame-Options: DENY
1 < Content-Type: application/json
1 < Transfer-Encoding: chunked
1 < Date: Sun, 17 Apr 2022 09:14:45 GMT
1 < Keep-Alive: timeout=60
1 < Connection: keep-alive
[{"jobId":1,"jobTitle":"Software Engg","jobDescription":"To develop andriod application","experience":["Google","Apple","Mobile Iron"],"project":[{"projectName":"Movie App","technology":["Kotlin","SQL Lite","Gradle"]}]}]
14:46:08.548 [main] DEBUG com.intuit.karate.Suite - [config] classpath:karate-config.js
14:46:09.624 [main] INFO  com.intuit.karate - karate.env system property was: null 
14:46:09.969 [main] DEBUG com.intuit.karate - request:
1 > GET http://localhost:9090/normal/webapi/all
1 > Accept: application/json
1 > Host: localhost:9090
1 > Connection: Keep-Alive
1 > User-Agent: Apache-HttpClient/4.5.13 (Java/16.0.2)
1 > Accept-Encoding: gzip,deflate


14:46:10.006 [main] DEBUG com.intuit.karate - response time in milliseconds: 33
1 < 200
1 < X-Content-Type-Options: nosniff
1 < X-XSS-Protection: 1; mode=block
1 < Cache-Control: no-cache, no-store, max-age=0, must-revalidate
1 < Pragma: no-cache
1 < Expires: 0
1 < X-Frame-Options: DENY
1 < Content-Type: application/json
1 < Transfer-Encoding: chunked
1 < Date: Sun, 17 Apr 2022 09:16:09 GMT
1 < Keep-Alive: timeout=60
1 < Connection: keep-alive
[{"jobId":1,"jobTitle":"Software Engg","jobDescription":"To develop andriod application","experience":["Google","Apple","Mobile Iron"],"project":[{"projectName":"Movie App","technology":["Kotlin","SQL Lite","Gradle"]}]}]
14:46:10.041 [main] ERROR com.intuit.karate - classpath:com/api/automation/getRequest/ValidateJSONArray.feature:16
And match response.[0].experience.[1]== "Apple"
syntax error, expected '==' for match
classpath:com/api/automation/getRequest/ValidateJSONArray.feature:16
14:47:58.224 [main] DEBUG com.intuit.karate.Suite - [config] classpath:karate-config.js
14:47:59.307 [main] INFO  com.intuit.karate - karate.env system property was: null 
14:47:59.654 [main] DEBUG com.intuit.karate - request:
1 > GET http://localhost:9090/normal/webapi/all
1 > Accept: application/json
1 > Host: localhost:9090
1 > Connection: Keep-Alive
1 > User-Agent: Apache-HttpClient/4.5.13 (Java/16.0.2)
1 > Accept-Encoding: gzip,deflate


14:47:59.688 [main] DEBUG com.intuit.karate - response time in milliseconds: 31
1 < 200
1 < X-Content-Type-Options: nosniff
1 < X-XSS-Protection: 1; mode=block
1 < Cache-Control: no-cache, no-store, max-age=0, must-revalidate
1 < Pragma: no-cache
1 < Expires: 0
1 < X-Frame-Options: DENY
1 < Content-Type: application/json
1 < Transfer-Encoding: chunked
1 < Date: Sun, 17 Apr 2022 09:17:59 GMT
1 < Keep-Alive: timeout=60
1 < Connection: keep-alive
[{"jobId":1,"jobTitle":"Software Engg","jobDescription":"To develop andriod application","experience":["Google","Apple","Mobile Iron"],"project":[{"projectName":"Movie App","technology":["Kotlin","SQL Lite","Gradle"]}]}]
15:07:32.763 [main] DEBUG com.intuit.karate.Suite - [config] classpath:karate-config.js
15:07:33.862 [main] INFO  com.intuit.karate - karate.env system property was: null 
15:07:34.174 [main] DEBUG com.intuit.karate - request:
1 > GET http://localhost:9090/normal/webapi/all
1 > Accept: application/json
1 > Host: localhost:9090
1 > Connection: Keep-Alive
1 > User-Agent: Apache-HttpClient/4.5.13 (Java/16.0.2)
1 > Accept-Encoding: gzip,deflate


15:07:34.209 [main] DEBUG com.intuit.karate - response time in milliseconds: 33
1 < 200
1 < X-Content-Type-Options: nosniff
1 < X-XSS-Protection: 1; mode=block
1 < Cache-Control: no-cache, no-store, max-age=0, must-revalidate
1 < Pragma: no-cache
1 < Expires: 0
1 < X-Frame-Options: DENY
1 < Content-Type: application/json
1 < Transfer-Encoding: chunked
1 < Date: Sun, 17 Apr 2022 09:37:34 GMT
1 < Keep-Alive: timeout=60
1 < Connection: keep-alive
[{"jobId":1,"jobTitle":"Software Engg","jobDescription":"To develop andriod application","experience":["Google","Apple","Mobile Iron"],"project":[{"projectName":"Movie App","technology":["Kotlin","SQL Lite","Gradle"]}]}]
15:09:10.152 [main] DEBUG com.intuit.karate.Suite - [config] classpath:karate-config.js
15:09:11.220 [main] INFO  com.intuit.karate - karate.env system property was: null 
15:09:11.579 [main] DEBUG com.intuit.karate - request:
1 > GET http://localhost:9090/normal/webapi/all
1 > Accept: application/json
1 > Host: localhost:9090
1 > Connection: Keep-Alive
1 > User-Agent: Apache-HttpClient/4.5.13 (Java/16.0.2)
1 > Accept-Encoding: gzip,deflate


15:09:11.615 [main] DEBUG com.intuit.karate - response time in milliseconds: 34
1 < 200
1 < X-Content-Type-Options: nosniff
1 < X-XSS-Protection: 1; mode=block
1 < Cache-Control: no-cache, no-store, max-age=0, must-revalidate
1 < Pragma: no-cache
1 < Expires: 0
1 < X-Frame-Options: DENY
1 < Content-Type: application/json
1 < Transfer-Encoding: chunked
1 < Date: Sun, 17 Apr 2022 09:39:11 GMT
1 < Keep-Alive: timeout=60
1 < Connection: keep-alive
[{"jobId":1,"jobTitle":"Software Engg","jobDescription":"To develop andriod application","experience":["Google","Apple","Mobile Iron"],"project":[{"projectName":"Movie App","technology":["Kotlin","SQL Lite","Gradle"]}]}]
15:09:11.669 [main] ERROR com.intuit.karate - classpath:com/api/automation/getRequest/ValidateJSONArray.feature:18
And match response.[1].project.[0].projectName == "Movie App"
match failed: EQUALS
  $ | actual path does not exist (STRING:STRING)
  '#notpresent'
  'Movie App'

classpath:com/api/automation/getRequest/ValidateJSONArray.feature:18
15:10:43.264 [main] DEBUG com.intuit.karate.Suite - [config] classpath:karate-config.js
15:10:44.343 [main] INFO  com.intuit.karate - karate.env system property was: null 
15:10:44.698 [main] DEBUG com.intuit.karate - request:
1 > GET http://localhost:9090/normal/webapi/all
1 > Accept: application/json
1 > Host: localhost:9090
1 > Connection: Keep-Alive
1 > User-Agent: Apache-HttpClient/4.5.13 (Java/16.0.2)
1 > Accept-Encoding: gzip,deflate


15:10:44.733 [main] DEBUG com.intuit.karate - response time in milliseconds: 33
1 < 200
1 < X-Content-Type-Options: nosniff
1 < X-XSS-Protection: 1; mode=block
1 < Cache-Control: no-cache, no-store, max-age=0, must-revalidate
1 < Pragma: no-cache
1 < Expires: 0
1 < X-Frame-Options: DENY
1 < Content-Type: application/json
1 < Transfer-Encoding: chunked
1 < Date: Sun, 17 Apr 2022 09:40:44 GMT
1 < Keep-Alive: timeout=60
1 < Connection: keep-alive
[{"jobId":1,"jobTitle":"Software Engg","jobDescription":"To develop andriod application","experience":["Google","Apple","Mobile Iron"],"project":[{"projectName":"Movie App","technology":["Kotlin","SQL Lite","Gradle"]}]}]
15:12:30.080 [main] DEBUG com.intuit.karate.Suite - [config] classpath:karate-config.js
15:12:31.144 [main] INFO  com.intuit.karate - karate.env system property was: null 
15:12:31.474 [main] DEBUG com.intuit.karate - request:
1 > GET http://localhost:9090/normal/webapi/all
1 > Accept: application/json
1 > Host: localhost:9090
1 > Connection: Keep-Alive
1 > User-Agent: Apache-HttpClient/4.5.13 (Java/16.0.2)
1 > Accept-Encoding: gzip,deflate


15:12:31.506 [main] DEBUG com.intuit.karate - response time in milliseconds: 31
1 < 200
1 < X-Content-Type-Options: nosniff
1 < X-XSS-Protection: 1; mode=block
1 < Cache-Control: no-cache, no-store, max-age=0, must-revalidate
1 < Pragma: no-cache
1 < Expires: 0
1 < X-Frame-Options: DENY
1 < Content-Type: application/json
1 < Transfer-Encoding: chunked
1 < Date: Sun, 17 Apr 2022 09:42:31 GMT
1 < Keep-Alive: timeout=60
1 < Connection: keep-alive
[{"jobId":1,"jobTitle":"Software Engg","jobDescription":"To develop andriod application","experience":["Google","Apple","Mobile Iron"],"project":[{"projectName":"Movie App","technology":["Kotlin","SQL Lite","Gradle"]}]}]
15:12:31.564 [main] ERROR com.intuit.karate - classpath:com/api/automation/getRequest/ValidateJSONArray.feature:19
And match response.[0].Project.[0].technology.[0] == "Kotlin"
match failed: EQUALS
  $ | actual path does not exist (STRING:STRING)
  '#notpresent'
  'Kotlin'

classpath:com/api/automation/getRequest/ValidateJSONArray.feature:19
15:13:33.846 [main] DEBUG com.intuit.karate.Suite - [config] classpath:karate-config.js
15:13:34.929 [main] INFO  com.intuit.karate - karate.env system property was: null 
15:13:35.283 [main] DEBUG com.intuit.karate - request:
1 > GET http://localhost:9090/normal/webapi/all
1 > Accept: application/json
1 > Host: localhost:9090
1 > Connection: Keep-Alive
1 > User-Agent: Apache-HttpClient/4.5.13 (Java/16.0.2)
1 > Accept-Encoding: gzip,deflate


15:13:35.321 [main] DEBUG com.intuit.karate - response time in milliseconds: 36
1 < 200
1 < X-Content-Type-Options: nosniff
1 < X-XSS-Protection: 1; mode=block
1 < Cache-Control: no-cache, no-store, max-age=0, must-revalidate
1 < Pragma: no-cache
1 < Expires: 0
1 < X-Frame-Options: DENY
1 < Content-Type: application/json
1 < Transfer-Encoding: chunked
1 < Date: Sun, 17 Apr 2022 09:43:35 GMT
1 < Keep-Alive: timeout=60
1 < Connection: keep-alive
[{"jobId":1,"jobTitle":"Software Engg","jobDescription":"To develop andriod application","experience":["Google","Apple","Mobile Iron"],"project":[{"projectName":"Movie App","technology":["Kotlin","SQL Lite","Gradle"]}]}]
15:17:37.807 [main] DEBUG com.intuit.karate.Suite - [config] classpath:karate-config.js
15:17:38.900 [main] INFO  com.intuit.karate - karate.env system property was: null 
15:17:39.251 [main] DEBUG com.intuit.karate - request:
1 > GET http://localhost:9090/normal/webapi/all
1 > Accept: application/json
1 > Host: localhost:9090
1 > Connection: Keep-Alive
1 > User-Agent: Apache-HttpClient/4.5.13 (Java/16.0.2)
1 > Accept-Encoding: gzip,deflate


15:17:39.286 [main] DEBUG com.intuit.karate - response time in milliseconds: 33
1 < 200
1 < X-Content-Type-Options: nosniff
1 < X-XSS-Protection: 1; mode=block
1 < Cache-Control: no-cache, no-store, max-age=0, must-revalidate
1 < Pragma: no-cache
1 < Expires: 0
1 < X-Frame-Options: DENY
1 < Content-Type: application/json
1 < Transfer-Encoding: chunked
1 < Date: Sun, 17 Apr 2022 09:47:39 GMT
1 < Keep-Alive: timeout=60
1 < Connection: keep-alive
[{"jobId":1,"jobTitle":"Software Engg","jobDescription":"To develop andriod application","experience":["Google","Apple","Mobile Iron"],"project":[{"projectName":"Movie App","technology":["Kotlin","SQL Lite","Gradle"]}]}]
15:19:37.831 [main] DEBUG com.intuit.karate.Suite - [config] classpath:karate-config.js
15:19:38.877 [main] INFO  com.intuit.karate - karate.env system property was: null 
15:19:39.216 [main] DEBUG com.intuit.karate - request:
1 > GET http://localhost:9090/normal/webapi/all
1 > Accept: application/json
1 > Host: localhost:9090
1 > Connection: Keep-Alive
1 > User-Agent: Apache-HttpClient/4.5.13 (Java/16.0.2)
1 > Accept-Encoding: gzip,deflate


15:19:39.249 [main] DEBUG com.intuit.karate - response time in milliseconds: 31
1 < 200
1 < X-Content-Type-Options: nosniff
1 < X-XSS-Protection: 1; mode=block
1 < Cache-Control: no-cache, no-store, max-age=0, must-revalidate
1 < Pragma: no-cache
1 < Expires: 0
1 < X-Frame-Options: DENY
1 < Content-Type: application/json
1 < Transfer-Encoding: chunked
1 < Date: Sun, 17 Apr 2022 09:49:39 GMT
1 < Keep-Alive: timeout=60
1 < Connection: keep-alive
[{"jobId":1,"jobTitle":"Software Engg","jobDescription":"To develop andriod application","experience":["Google","Apple","Mobile Iron"],"project":[{"projectName":"Movie App","technology":["Kotlin","SQL Lite","Gradle"]}]}]
15:19:39.281 [main] ERROR com.intuit.karate - classpath:com/api/automation/getRequest/ValidateJSONArray.feature:25
And match response.[0].project.[0].technology.[*]
no step-definition method match found for: match response.[0].project.[0].technology.[*]
classpath:com/api/automation/getRequest/ValidateJSONArray.feature:25
15:20:58.908 [main] DEBUG com.intuit.karate.Suite - [config] classpath:karate-config.js
15:20:59.974 [main] INFO  com.intuit.karate - karate.env system property was: null 
15:21:00.304 [main] DEBUG com.intuit.karate - request:
1 > GET http://localhost:9090/normal/webapi/all
1 > Accept: application/json
1 > Host: localhost:9090
1 > Connection: Keep-Alive
1 > User-Agent: Apache-HttpClient/4.5.13 (Java/16.0.2)
1 > Accept-Encoding: gzip,deflate


15:21:00.339 [main] DEBUG com.intuit.karate - response time in milliseconds: 33
1 < 200
1 < X-Content-Type-Options: nosniff
1 < X-XSS-Protection: 1; mode=block
1 < Cache-Control: no-cache, no-store, max-age=0, must-revalidate
1 < Pragma: no-cache
1 < Expires: 0
1 < X-Frame-Options: DENY
1 < Content-Type: application/json
1 < Transfer-Encoding: chunked
1 < Date: Sun, 17 Apr 2022 09:51:00 GMT
1 < Keep-Alive: timeout=60
1 < Connection: keep-alive
[{"jobId":1,"jobTitle":"Software Engg","jobDescription":"To develop andriod application","experience":["Google","Apple","Mobile Iron"],"project":[{"projectName":"Movie App","technology":["Kotlin","SQL Lite","Gradle"]}]}]
15:21:00.396 [main] ERROR com.intuit.karate - classpath:com/api/automation/getRequest/ValidateJSONArray.feature:25
And match response.[0].project.[0].technology.[*] == "Gradle"
match failed: EQUALS
  $ | data types don't match (LIST:STRING)
  ["Kotlin","SQL Lite","Gradle"]
  'Gradle'

classpath:com/api/automation/getRequest/ValidateJSONArray.feature:25
15:22:11.977 [main] DEBUG com.intuit.karate.Suite - [config] classpath:karate-config.js
15:22:13.065 [main] INFO  com.intuit.karate - karate.env system property was: null 
15:22:13.397 [main] DEBUG com.intuit.karate - request:
1 > GET http://localhost:9090/normal/webapi/all
1 > Accept: application/json
1 > Host: localhost:9090
1 > Connection: Keep-Alive
1 > User-Agent: Apache-HttpClient/4.5.13 (Java/16.0.2)
1 > Accept-Encoding: gzip,deflate


15:22:13.432 [main] DEBUG com.intuit.karate - response time in milliseconds: 33
1 < 200
1 < X-Content-Type-Options: nosniff
1 < X-XSS-Protection: 1; mode=block
1 < Cache-Control: no-cache, no-store, max-age=0, must-revalidate
1 < Pragma: no-cache
1 < Expires: 0
1 < X-Frame-Options: DENY
1 < Content-Type: application/json
1 < Transfer-Encoding: chunked
1 < Date: Sun, 17 Apr 2022 09:52:13 GMT
1 < Keep-Alive: timeout=60
1 < Connection: keep-alive
[{"jobId":1,"jobTitle":"Software Engg","jobDescription":"To develop andriod application","experience":["Google","Apple","Mobile Iron"],"project":[{"projectName":"Movie App","technology":["Kotlin","SQL Lite","Gradle"]}]}]
15:22:13.496 [main] ERROR com.intuit.karate - classpath:com/api/automation/getRequest/ValidateJSONArray.feature:25
And match response.[0].project.[0].technology[*] == "Gradle"
match failed: EQUALS
  $ | data types don't match (LIST:STRING)
  ["Kotlin","SQL Lite","Gradle"]
  'Gradle'

classpath:com/api/automation/getRequest/ValidateJSONArray.feature:25
15:23:18.834 [main] DEBUG com.intuit.karate.Suite - [config] classpath:karate-config.js
15:23:19.881 [main] INFO  com.intuit.karate - karate.env system property was: null 
15:23:20.218 [main] DEBUG com.intuit.karate - request:
1 > GET http://localhost:9090/normal/webapi/all
1 > Accept: application/json
1 > Host: localhost:9090
1 > Connection: Keep-Alive
1 > User-Agent: Apache-HttpClient/4.5.13 (Java/16.0.2)
1 > Accept-Encoding: gzip,deflate


15:23:20.252 [main] DEBUG com.intuit.karate - response time in milliseconds: 32
1 < 200
1 < X-Content-Type-Options: nosniff
1 < X-XSS-Protection: 1; mode=block
1 < Cache-Control: no-cache, no-store, max-age=0, must-revalidate
1 < Pragma: no-cache
1 < Expires: 0
1 < X-Frame-Options: DENY
1 < Content-Type: application/json
1 < Transfer-Encoding: chunked
1 < Date: Sun, 17 Apr 2022 09:53:20 GMT
1 < Keep-Alive: timeout=60
1 < Connection: keep-alive
[{"jobId":1,"jobTitle":"Software Engg","jobDescription":"To develop andriod application","experience":["Google","Apple","Mobile Iron"],"project":[{"projectName":"Movie App","technology":["Kotlin","SQL Lite","Gradle"]}]}]
15:25:26.722 [main] DEBUG com.intuit.karate.Suite - [config] classpath:karate-config.js
15:25:27.774 [main] INFO  com.intuit.karate - karate.env system property was: null 
15:25:28.127 [main] DEBUG com.intuit.karate - request:
1 > GET http://localhost:9090/normal/webapi/all
1 > Accept: application/json
1 > Host: localhost:9090
1 > Connection: Keep-Alive
1 > User-Agent: Apache-HttpClient/4.5.13 (Java/16.0.2)
1 > Accept-Encoding: gzip,deflate


15:25:28.163 [main] DEBUG com.intuit.karate - response time in milliseconds: 34
1 < 200
1 < X-Content-Type-Options: nosniff
1 < X-XSS-Protection: 1; mode=block
1 < Cache-Control: no-cache, no-store, max-age=0, must-revalidate
1 < Pragma: no-cache
1 < Expires: 0
1 < X-Frame-Options: DENY
1 < Content-Type: application/json
1 < Transfer-Encoding: chunked
1 < Date: Sun, 17 Apr 2022 09:55:28 GMT
1 < Keep-Alive: timeout=60
1 < Connection: keep-alive
[{"jobId":1,"jobTitle":"Software Engg","jobDescription":"To develop andriod application","experience":["Google","Apple","Mobile Iron"],"project":[{"projectName":"Movie App","technology":["Kotlin","SQL Lite","Gradle"]}]}]
15:25:28.197 [main] INFO  com.intuit.karate - [print] [
  {
    "jobId": 1,
    "jobTitle": "Software Engg",
    "jobDescription": "To develop andriod application",
    "experience": [
      "Google",
      "Apple",
      "Mobile Iron"
    ],
    "project": [
      {
        "projectName": "Movie App",
        "technology": [
          "Kotlin",
          "SQL Lite",
          "Gradle"
        ]
      }
    ]
  }
]
 
15:25:28.218 [main] ERROR com.intuit.karate - classpath:com/api/automation/getRequest/ValidateJSONArray.feature:13
And print"==============================================================="
js failed:
>>>>
01: print"==============================================================="
<<<<
org.graalvm.polyglot.PolyglotException: SyntaxError: Unnamed:1:6 Expected ; but found ===============================================================
print"==============================================================="
      ^

- org.graalvm.polyglot.Context.eval(Context.java:401)
- com.intuit.karate.graal.JsEngine.evalForValue(JsEngine.java:141)
- com.intuit.karate.graal.JsEngine.eval(JsEngine.java:137)
- com.intuit.karate.core.ScenarioEngine.evalJs(ScenarioEngine.java:1252)
- com.intuit.karate.ScenarioActions.eval(ScenarioActions.java:376)
- java.base/jdk.internal.reflect.NativeMethodAccessorImpl.invoke0(Native Method)
- java.base/jdk.internal.reflect.NativeMethodAccessorImpl.invoke(NativeMethodAccessorImpl.java:78)

classpath:com/api/automation/getRequest/ValidateJSONArray.feature:13
15:26:45.925 [main] DEBUG com.intuit.karate.Suite - [config] classpath:karate-config.js
15:26:47.018 [main] INFO  com.intuit.karate - karate.env system property was: null 
15:26:47.369 [main] DEBUG com.intuit.karate - request:
1 > GET http://localhost:9090/normal/webapi/all
1 > Accept: application/json
1 > Host: localhost:9090
1 > Connection: Keep-Alive
1 > User-Agent: Apache-HttpClient/4.5.13 (Java/16.0.2)
1 > Accept-Encoding: gzip,deflate


15:26:47.411 [main] DEBUG com.intuit.karate - response time in milliseconds: 38
1 < 200
1 < X-Content-Type-Options: nosniff
1 < X-XSS-Protection: 1; mode=block
1 < Cache-Control: no-cache, no-store, max-age=0, must-revalidate
1 < Pragma: no-cache
1 < Expires: 0
1 < X-Frame-Options: DENY
1 < Content-Type: application/json
1 < Transfer-Encoding: chunked
1 < Date: Sun, 17 Apr 2022 09:56:47 GMT
1 < Keep-Alive: timeout=60
1 < Connection: keep-alive
[{"jobId":1,"jobTitle":"Software Engg","jobDescription":"To develop andriod application","experience":["Google","Apple","Mobile Iron"],"project":[{"projectName":"Movie App","technology":["Kotlin","SQL Lite","Gradle"]}]}]
15:26:47.452 [main] INFO  com.intuit.karate - [print] [
  {
    "jobId": 1,
    "jobTitle": "Software Engg",
    "jobDescription": "To develop andriod application",
    "experience": [
      "Google",
      "Apple",
      "Mobile Iron"
    ],
    "project": [
      {
        "projectName": "Movie App",
        "technology": [
          "Kotlin",
          "SQL Lite",
          "Gradle"
        ]
      }
    ]
  }
]
 
15:26:47.454 [main] INFO  com.intuit.karate - [print] =============================================================== 
15:28:33.339 [main] DEBUG com.intuit.karate.Suite - [config] classpath:karate-config.js
15:28:34.430 [main] INFO  com.intuit.karate - karate.env system property was: null 
15:28:34.787 [main] DEBUG com.intuit.karate - request:
1 > GET http://localhost:9090/normal/webapi/all
1 > Accept: application/json
1 > Host: localhost:9090
1 > Connection: Keep-Alive
1 > User-Agent: Apache-HttpClient/4.5.13 (Java/16.0.2)
1 > Accept-Encoding: gzip,deflate


15:28:34.825 [main] DEBUG com.intuit.karate - response time in milliseconds: 36
1 < 200
1 < X-Content-Type-Options: nosniff
1 < X-XSS-Protection: 1; mode=block
1 < Cache-Control: no-cache, no-store, max-age=0, must-revalidate
1 < Pragma: no-cache
1 < Expires: 0
1 < X-Frame-Options: DENY
1 < Content-Type: application/json
1 < Transfer-Encoding: chunked
1 < Date: Sun, 17 Apr 2022 09:58:34 GMT
1 < Keep-Alive: timeout=60
1 < Connection: keep-alive
[{"jobId":1,"jobTitle":"Software Engg","jobDescription":"To develop andriod application","experience":["Google","Apple","Mobile Iron"],"project":[{"projectName":"Movie App","technology":["Kotlin","SQL Lite","Gradle"]}]}]
15:28:34.863 [main] INFO  com.intuit.karate - [print] [
  {
    "jobId": 1,
    "jobTitle": "Software Engg",
    "jobDescription": "To develop andriod application",
    "experience": [
      "Google",
      "Apple",
      "Mobile Iron"
    ],
    "project": [
      {
        "projectName": "Movie App",
        "technology": [
          "Kotlin",
          "SQL Lite",
          "Gradle"
        ]
      }
    ]
  }
]
 
15:28:34.865 [main] INFO  com.intuit.karate - [print] =============================================================== 
15:29:46.582 [main] DEBUG com.intuit.karate.Suite - [config] classpath:karate-config.js
15:29:47.700 [main] INFO  com.intuit.karate - karate.env system property was: null 
15:29:48.014 [main] DEBUG com.intuit.karate - request:
1 > GET http://localhost:9090/normal/webapi/all
1 > Accept: application/json
1 > Host: localhost:9090
1 > Connection: Keep-Alive
1 > User-Agent: Apache-HttpClient/4.5.13 (Java/16.0.2)
1 > Accept-Encoding: gzip,deflate


15:29:48.047 [main] DEBUG com.intuit.karate - response time in milliseconds: 31
1 < 200
1 < X-Content-Type-Options: nosniff
1 < X-XSS-Protection: 1; mode=block
1 < Cache-Control: no-cache, no-store, max-age=0, must-revalidate
1 < Pragma: no-cache
1 < Expires: 0
1 < X-Frame-Options: DENY
1 < Content-Type: application/json
1 < Transfer-Encoding: chunked
1 < Date: Sun, 17 Apr 2022 09:59:48 GMT
1 < Keep-Alive: timeout=60
1 < Connection: keep-alive
[{"jobId":1,"jobTitle":"Software Engg","jobDescription":"To develop andriod application","experience":["Google","Apple","Mobile Iron"],"project":[{"projectName":"Movie App","technology":["Kotlin","SQL Lite","Gradle"]}]}]
15:29:48.082 [main] INFO  com.intuit.karate - [print] [
  {
    "jobId": 1,
    "jobTitle": "Software Engg",
    "jobDescription": "To develop andriod application",
    "experience": [
      "Google",
      "Apple",
      "Mobile Iron"
    ],
    "project": [
      {
        "projectName": "Movie App",
        "technology": [
          "Kotlin",
          "SQL Lite",
          "Gradle"
        ]
      }
    ]
  }
]
 
15:29:48.085 [main] INFO  com.intuit.karate - [print] =============================================================== 
20:38:41.235 [main] DEBUG com.intuit.karate.Suite - [config] classpath:karate-config.js
20:38:42.773 [main] INFO  com.intuit.karate - karate.env system property was: null 
20:38:42.814 [main] ERROR com.intuit.karate - classpath:com/api/automation/getRequest/XmlValidation.feature:4
Given Url 'http://localhost:9090'
no step-definition method match found for: Url 'http://localhost:9090'
classpath:com/api/automation/getRequest/XmlValidation.feature:4
20:39:51.290 [main] DEBUG com.intuit.karate.Suite - [config] classpath:karate-config.js
20:39:51.296 [main] INFO  com.intuit.karate.Suite - backed up existing 'target\karate-reports' dir to: target\karate-reports_1650208191296
20:39:52.396 [main] INFO  com.intuit.karate - karate.env system property was: null 
20:39:52.436 [main] INFO  com.intuit.karate - [print] ======= In the Background Keyword ============ 
20:39:52.836 [main] DEBUG com.intuit.karate - request:
1 > GET http://localhost:9090/normal/webapi/all
1 > Accept: application/json
1 > Host: localhost:9090
1 > Connection: Keep-Alive
1 > User-Agent: Apache-HttpClient/4.5.13 (Java/16.0.2)
1 > Accept-Encoding: gzip,deflate


20:39:53.067 [main] DEBUG com.intuit.karate - response time in milliseconds: 227
1 < 200
1 < X-Content-Type-Options: nosniff
1 < X-XSS-Protection: 1; mode=block
1 < Cache-Control: no-cache, no-store, max-age=0, must-revalidate
1 < Pragma: no-cache
1 < Expires: 0
1 < X-Frame-Options: DENY
1 < Content-Type: application/json
1 < Transfer-Encoding: chunked
1 < Date: Sun, 17 Apr 2022 15:09:53 GMT
1 < Keep-Alive: timeout=60
1 < Connection: keep-alive
[{"jobId":1,"jobTitle":"Software Engg","jobDescription":"To develop andriod application","experience":["Google","Apple","Mobile Iron"],"project":[{"projectName":"Movie App","technology":["Kotlin","SQL Lite","Gradle"]}]}]
20:39:53.104 [main] INFO  com.intuit.karate - [print] [
  {
    "jobId": 1,
    "jobTitle": "Software Engg",
    "jobDescription": "To develop andriod application",
    "experience": [
      "Google",
      "Apple",
      "Mobile Iron"
    ],
    "project": [
      {
        "projectName": "Movie App",
        "technology": [
          "Kotlin",
          "SQL Lite",
          "Gradle"
        ]
      }
    ]
  }
]
 
20:39:53.759 [main] INFO  com.intuit.karate.Suite - <<pass>> feature 1 of 1 (0 remaining) src/test/java/com/api/automation/getRequest/getRequest.feature
20:40:53.930 [main] DEBUG com.intuit.karate.Suite - [config] classpath:karate-config.js
20:40:55.045 [main] INFO  com.intuit.karate - karate.env system property was: null 
20:40:55.385 [main] DEBUG com.intuit.karate - request:
1 > GET http://localhost:9090/normal/webapi/all
1 > Host: localhost:9090
1 > Connection: Keep-Alive
1 > User-Agent: Apache-HttpClient/4.5.13 (Java/16.0.2)
1 > Accept-Encoding: gzip,deflate


20:40:55.430 [main] DEBUG com.intuit.karate - response time in milliseconds: 42
1 < 200
1 < X-Content-Type-Options: nosniff
1 < X-XSS-Protection: 1; mode=block
1 < Cache-Control: no-cache, no-store, max-age=0, must-revalidate
1 < Pragma: no-cache
1 < Expires: 0
1 < X-Frame-Options: DENY
1 < Content-Type: application/json
1 < Transfer-Encoding: chunked
1 < Date: Sun, 17 Apr 2022 15:10:55 GMT
1 < Keep-Alive: timeout=60
1 < Connection: keep-alive
[{"jobId":1,"jobTitle":"Software Engg","jobDescription":"To develop andriod application","experience":["Google","Apple","Mobile Iron"],"project":[{"projectName":"Movie App","technology":["Kotlin","SQL Lite","Gradle"]}]}]
20:40:55.475 [main] INFO  com.intuit.karate - [print] [
  {
    "jobId": 1,
    "jobTitle": "Software Engg",
    "jobDescription": "To develop andriod application",
    "experience": [
      "Google",
      "Apple",
      "Mobile Iron"
    ],
    "project": [
      {
        "projectName": "Movie App",
        "technology": [
          "Kotlin",
          "SQL Lite",
          "Gradle"
        ]
      }
    ]
  }
]
 
20:41:23.069 [main] DEBUG com.intuit.karate.Suite - [config] classpath:karate-config.js
20:41:23.074 [main] INFO  com.intuit.karate.Suite - backed up existing 'target\karate-reports' dir to: target\karate-reports_1650208283074
20:41:24.082 [main] INFO  com.intuit.karate - karate.env system property was: null 
20:41:24.116 [main] INFO  com.intuit.karate - [print] ======= In the Background Keyword ============ 
20:41:24.437 [main] DEBUG com.intuit.karate - request:
1 > GET http://localhost:9090/normal/webapi/all
1 > Accept: application/json
1 > Host: localhost:9090
1 > Connection: Keep-Alive
1 > User-Agent: Apache-HttpClient/4.5.13 (Java/16.0.2)
1 > Accept-Encoding: gzip,deflate


20:41:24.482 [main] DEBUG com.intuit.karate - response time in milliseconds: 42
1 < 200
1 < X-Content-Type-Options: nosniff
1 < X-XSS-Protection: 1; mode=block
1 < Cache-Control: no-cache, no-store, max-age=0, must-revalidate
1 < Pragma: no-cache
1 < Expires: 0
1 < X-Frame-Options: DENY
1 < Content-Type: application/json
1 < Transfer-Encoding: chunked
1 < Date: Sun, 17 Apr 2022 15:11:24 GMT
1 < Keep-Alive: timeout=60
1 < Connection: keep-alive
[{"jobId":1,"jobTitle":"Software Engg","jobDescription":"To develop andriod application","experience":["Google","Apple","Mobile Iron"],"project":[{"projectName":"Movie App","technology":["Kotlin","SQL Lite","Gradle"]}]}]
20:41:24.513 [main] INFO  com.intuit.karate - [print] [
  {
    "jobId": 1,
    "jobTitle": "Software Engg",
    "jobDescription": "To develop andriod application",
    "experience": [
      "Google",
      "Apple",
      "Mobile Iron"
    ],
    "project": [
      {
        "projectName": "Movie App",
        "technology": [
          "Kotlin",
          "SQL Lite",
          "Gradle"
        ]
      }
    ]
  }
]
 
20:41:25.581 [main] INFO  com.intuit.karate.Suite - <<pass>> feature 1 of 1 (0 remaining) src/test/java/com/api/automation/getRequest/getRequest.feature
20:41:35.231 [main] DEBUG com.intuit.karate.Suite - [config] classpath:karate-config.js
20:41:36.338 [main] INFO  com.intuit.karate - karate.env system property was: null 
20:41:36.696 [main] DEBUG com.intuit.karate - request:
1 > GET http://localhost:9090/normal/webapi/all
1 > Accept: application/xml
1 > Host: localhost:9090
1 > Connection: Keep-Alive
1 > User-Agent: Apache-HttpClient/4.5.13 (Java/16.0.2)
1 > Accept-Encoding: gzip,deflate


20:41:36.766 [main] DEBUG com.intuit.karate - response time in milliseconds: 66
1 < 200
1 < X-Content-Type-Options: nosniff
1 < X-XSS-Protection: 1; mode=block
1 < Cache-Control: no-cache, no-store, max-age=0, must-revalidate
1 < Pragma: no-cache
1 < Expires: 0
1 < X-Frame-Options: DENY
1 < Content-Type: application/xml
1 < Transfer-Encoding: chunked
1 < Date: Sun, 17 Apr 2022 15:11:36 GMT
1 < Keep-Alive: timeout=60
1 < Connection: keep-alive
<List><item><jobId>1</jobId><jobTitle>Software Engg</jobTitle><jobDescription>To develop andriod application</jobDescription><experience><experience>Google</experience><experience>Apple</experience><experience>Mobile Iron</experience></experience><project><project><projectName>Movie App</projectName><technology><technology>Kotlin</technology><technology>SQL Lite</technology><technology>Gradle</technology></technology></project></project></item></List>
20:41:36.791 [main] INFO  com.intuit.karate - [print] <List>
  <item>
    <jobId>1</jobId>
    <jobTitle>Software Engg</jobTitle>
    <jobDescription>To develop andriod application</jobDescription>
    <experience>
      <experience>Google</experience>
      <experience>Apple</experience>
      <experience>Mobile Iron</experience>
    </experience>
    <project>
      <project>
        <projectName>Movie App</projectName>
        <technology>
          <technology>Kotlin</technology>
          <technology>SQL Lite</technology>
          <technology>Gradle</technology>
        </technology>
      </project>
    </project>
  </item>
</List>
 
20:42:34.352 [main] DEBUG com.intuit.karate.Suite - [config] classpath:karate-config.js
20:42:35.446 [main] INFO  com.intuit.karate - karate.env system property was: null 
20:42:35.809 [main] DEBUG com.intuit.karate - request:
1 > GET http://localhost:9090/normal/webapi/all
1 > Accept: application/xml
1 > Host: localhost:9090
1 > Connection: Keep-Alive
1 > User-Agent: Apache-HttpClient/4.5.13 (Java/16.0.2)
1 > Accept-Encoding: gzip,deflate


20:42:35.845 [main] DEBUG com.intuit.karate - response time in milliseconds: 33
1 < 200
1 < X-Content-Type-Options: nosniff
1 < X-XSS-Protection: 1; mode=block
1 < Cache-Control: no-cache, no-store, max-age=0, must-revalidate
1 < Pragma: no-cache
1 < Expires: 0
1 < X-Frame-Options: DENY
1 < Content-Type: application/xml
1 < Transfer-Encoding: chunked
1 < Date: Sun, 17 Apr 2022 15:12:35 GMT
1 < Keep-Alive: timeout=60
1 < Connection: keep-alive
<List><item><jobId>1</jobId><jobTitle>Software Engg</jobTitle><jobDescription>To develop andriod application</jobDescription><experience><experience>Google</experience><experience>Apple</experience><experience>Mobile Iron</experience></experience><project><project><projectName>Movie App</projectName><technology><technology>Kotlin</technology><technology>SQL Lite</technology><technology>Gradle</technology></technology></project></project></item></List>
20:42:35.863 [main] INFO  com.intuit.karate - [print] <List>
  <item>
    <jobId>1</jobId>
    <jobTitle>Software Engg</jobTitle>
    <jobDescription>To develop andriod application</jobDescription>
    <experience>
      <experience>Google</experience>
      <experience>Apple</experience>
      <experience>Mobile Iron</experience>
    </experience>
    <project>
      <project>
        <projectName>Movie App</projectName>
        <technology>
          <technology>Kotlin</technology>
          <technology>SQL Lite</technology>
          <technology>Gradle</technology>
        </technology>
      </project>
    </project>
  </item>
</List>
 
20:42:35.989 [main] ERROR com.intuit.karate - classpath:com/api/automation/getRequest/XmlValidation.feature:13
And match responce/List/item/jobId == 1
js failed:
>>>>
01: responce
<<<<
org.graalvm.polyglot.PolyglotException: ReferenceError: "responce" is not defined
- <js>.:program(Unnamed:1)

classpath:com/api/automation/getRequest/XmlValidation.feature:13
20:43:47.658 [main] DEBUG com.intuit.karate.Suite - [config] classpath:karate-config.js
20:43:48.741 [main] INFO  com.intuit.karate - karate.env system property was: null 
20:43:49.079 [main] DEBUG com.intuit.karate - request:
1 > GET http://localhost:9090/normal/webapi/all
1 > Accept: application/xml
1 > Host: localhost:9090
1 > Connection: Keep-Alive
1 > User-Agent: Apache-HttpClient/4.5.13 (Java/16.0.2)
1 > Accept-Encoding: gzip,deflate


20:43:49.114 [main] DEBUG com.intuit.karate - response time in milliseconds: 33
1 < 200
1 < X-Content-Type-Options: nosniff
1 < X-XSS-Protection: 1; mode=block
1 < Cache-Control: no-cache, no-store, max-age=0, must-revalidate
1 < Pragma: no-cache
1 < Expires: 0
1 < X-Frame-Options: DENY
1 < Content-Type: application/xml
1 < Transfer-Encoding: chunked
1 < Date: Sun, 17 Apr 2022 15:13:49 GMT
1 < Keep-Alive: timeout=60
1 < Connection: keep-alive
<List><item><jobId>1</jobId><jobTitle>Software Engg</jobTitle><jobDescription>To develop andriod application</jobDescription><experience><experience>Google</experience><experience>Apple</experience><experience>Mobile Iron</experience></experience><project><project><projectName>Movie App</projectName><technology><technology>Kotlin</technology><technology>SQL Lite</technology><technology>Gradle</technology></technology></project></project></item></List>
20:43:49.131 [main] INFO  com.intuit.karate - [print] <List>
  <item>
    <jobId>1</jobId>
    <jobTitle>Software Engg</jobTitle>
    <jobDescription>To develop andriod application</jobDescription>
    <experience>
      <experience>Google</experience>
      <experience>Apple</experience>
      <experience>Mobile Iron</experience>
    </experience>
    <project>
      <project>
        <projectName>Movie App</projectName>
        <technology>
          <technology>Kotlin</technology>
          <technology>SQL Lite</technology>
          <technology>Gradle</technology>
        </technology>
      </project>
    </project>
  </item>
</List>
 
20:43:49.294 [main] ERROR com.intuit.karate - classpath:com/api/automation/getRequest/XmlValidation.feature:13
And match response/List/item/jobId == 1
match failed: EQUALS
  $ | data types don't match (STRING:NUMBER)
  '1'
  1

classpath:com/api/automation/getRequest/XmlValidation.feature:13
20:44:37.788 [main] DEBUG com.intuit.karate.Suite - [config] classpath:karate-config.js
20:44:38.891 [main] INFO  com.intuit.karate - karate.env system property was: null 
20:44:39.217 [main] DEBUG com.intuit.karate - request:
1 > GET http://localhost:9090/normal/webapi/all
1 > Accept: application/xml
1 > Host: localhost:9090
1 > Connection: Keep-Alive
1 > User-Agent: Apache-HttpClient/4.5.13 (Java/16.0.2)
1 > Accept-Encoding: gzip,deflate


20:44:39.251 [main] DEBUG com.intuit.karate - response time in milliseconds: 32
1 < 200
1 < X-Content-Type-Options: nosniff
1 < X-XSS-Protection: 1; mode=block
1 < Cache-Control: no-cache, no-store, max-age=0, must-revalidate
1 < Pragma: no-cache
1 < Expires: 0
1 < X-Frame-Options: DENY
1 < Content-Type: application/xml
1 < Transfer-Encoding: chunked
1 < Date: Sun, 17 Apr 2022 15:14:39 GMT
1 < Keep-Alive: timeout=60
1 < Connection: keep-alive
<List><item><jobId>1</jobId><jobTitle>Software Engg</jobTitle><jobDescription>To develop andriod application</jobDescription><experience><experience>Google</experience><experience>Apple</experience><experience>Mobile Iron</experience></experience><project><project><projectName>Movie App</projectName><technology><technology>Kotlin</technology><technology>SQL Lite</technology><technology>Gradle</technology></technology></project></project></item></List>
20:44:39.268 [main] INFO  com.intuit.karate - [print] <List>
  <item>
    <jobId>1</jobId>
    <jobTitle>Software Engg</jobTitle>
    <jobDescription>To develop andriod application</jobDescription>
    <experience>
      <experience>Google</experience>
      <experience>Apple</experience>
      <experience>Mobile Iron</experience>
    </experience>
    <project>
      <project>
        <projectName>Movie App</projectName>
        <technology>
          <technology>Kotlin</technology>
          <technology>SQL Lite</technology>
          <technology>Gradle</technology>
        </technology>
      </project>
    </project>
  </item>
</List>
 
20:47:38.121 [main] DEBUG com.intuit.karate.Suite - [config] classpath:karate-config.js
20:47:39.187 [main] INFO  com.intuit.karate - karate.env system property was: null 
20:47:39.509 [main] DEBUG com.intuit.karate - request:
1 > GET http://localhost:9090/normal/webapi/all
1 > Accept: application/xml
1 > Host: localhost:9090
1 > Connection: Keep-Alive
1 > User-Agent: Apache-HttpClient/4.5.13 (Java/16.0.2)
1 > Accept-Encoding: gzip,deflate


20:47:39.547 [main] DEBUG com.intuit.karate - response time in milliseconds: 36
1 < 200
1 < X-Content-Type-Options: nosniff
1 < X-XSS-Protection: 1; mode=block
1 < Cache-Control: no-cache, no-store, max-age=0, must-revalidate
1 < Pragma: no-cache
1 < Expires: 0
1 < X-Frame-Options: DENY
1 < Content-Type: application/xml
1 < Transfer-Encoding: chunked
1 < Date: Sun, 17 Apr 2022 15:17:39 GMT
1 < Keep-Alive: timeout=60
1 < Connection: keep-alive
<List><item><jobId>1</jobId><jobTitle>Software Engg</jobTitle><jobDescription>To develop andriod application</jobDescription><experience><experience>Google</experience><experience>Apple</experience><experience>Mobile Iron</experience></experience><project><project><projectName>Movie App</projectName><technology><technology>Kotlin</technology><technology>SQL Lite</technology><technology>Gradle</technology></technology></project></project></item></List>
20:47:39.563 [main] INFO  com.intuit.karate - [print] <List>
  <item>
    <jobId>1</jobId>
    <jobTitle>Software Engg</jobTitle>
    <jobDescription>To develop andriod application</jobDescription>
    <experience>
      <experience>Google</experience>
      <experience>Apple</experience>
      <experience>Mobile Iron</experience>
    </experience>
    <project>
      <project>
        <projectName>Movie App</projectName>
        <technology>
          <technology>Kotlin</technology>
          <technology>SQL Lite</technology>
          <technology>Gradle</technology>
        </technology>
      </project>
    </project>
  </item>
</List>
 
20:47:39.682 [main] ERROR com.intuit.karate - classpath:com/api/automation/getRequest/XmlValidation.feature:16
And match respose/List/item/experience[1] == "Google"
js failed:
>>>>
01: respose
<<<<
org.graalvm.polyglot.PolyglotException: ReferenceError: "respose" is not defined
- <js>.:program(Unnamed:1)

classpath:com/api/automation/getRequest/XmlValidation.feature:16
20:48:04.370 [main] DEBUG com.intuit.karate.Suite - [config] classpath:karate-config.js
20:48:05.412 [main] INFO  com.intuit.karate - karate.env system property was: null 
20:48:05.737 [main] DEBUG com.intuit.karate - request:
1 > GET http://localhost:9090/normal/webapi/all
1 > Accept: application/xml
1 > Host: localhost:9090
1 > Connection: Keep-Alive
1 > User-Agent: Apache-HttpClient/4.5.13 (Java/16.0.2)
1 > Accept-Encoding: gzip,deflate


20:48:05.772 [main] DEBUG com.intuit.karate - response time in milliseconds: 32
1 < 200
1 < X-Content-Type-Options: nosniff
1 < X-XSS-Protection: 1; mode=block
1 < Cache-Control: no-cache, no-store, max-age=0, must-revalidate
1 < Pragma: no-cache
1 < Expires: 0
1 < X-Frame-Options: DENY
1 < Content-Type: application/xml
1 < Transfer-Encoding: chunked
1 < Date: Sun, 17 Apr 2022 15:18:05 GMT
1 < Keep-Alive: timeout=60
1 < Connection: keep-alive
<List><item><jobId>1</jobId><jobTitle>Software Engg</jobTitle><jobDescription>To develop andriod application</jobDescription><experience><experience>Google</experience><experience>Apple</experience><experience>Mobile Iron</experience></experience><project><project><projectName>Movie App</projectName><technology><technology>Kotlin</technology><technology>SQL Lite</technology><technology>Gradle</technology></technology></project></project></item></List>
20:48:05.790 [main] INFO  com.intuit.karate - [print] <List>
  <item>
    <jobId>1</jobId>
    <jobTitle>Software Engg</jobTitle>
    <jobDescription>To develop andriod application</jobDescription>
    <experience>
      <experience>Google</experience>
      <experience>Apple</experience>
      <experience>Mobile Iron</experience>
    </experience>
    <project>
      <project>
        <projectName>Movie App</projectName>
        <technology>
          <technology>Kotlin</technology>
          <technology>SQL Lite</technology>
          <technology>Gradle</technology>
        </technology>
      </project>
    </project>
  </item>
</List>
 
20:48:05.928 [main] ERROR com.intuit.karate - classpath:com/api/automation/getRequest/XmlValidation.feature:16
And match response/List/item/experience[1] == "Google"
match failed: EQUALS
  / | data types don't match (XML:STRING)
  <experience><experience>Google</experience><experience>Apple</experience><experience>Mobile Iron</experience></experience>
  Google

classpath:com/api/automation/getRequest/XmlValidation.feature:16
20:50:11.499 [main] DEBUG com.intuit.karate.Suite - [config] classpath:karate-config.js
20:50:12.561 [main] INFO  com.intuit.karate - karate.env system property was: null 
20:50:12.912 [main] DEBUG com.intuit.karate - request:
1 > GET http://localhost:9090/normal/webapi/all
1 > Accept: application/xml
1 > Host: localhost:9090
1 > Connection: Keep-Alive
1 > User-Agent: Apache-HttpClient/4.5.13 (Java/16.0.2)
1 > Accept-Encoding: gzip,deflate


20:50:12.948 [main] DEBUG com.intuit.karate - response time in milliseconds: 33
1 < 200
1 < X-Content-Type-Options: nosniff
1 < X-XSS-Protection: 1; mode=block
1 < Cache-Control: no-cache, no-store, max-age=0, must-revalidate
1 < Pragma: no-cache
1 < Expires: 0
1 < X-Frame-Options: DENY
1 < Content-Type: application/xml
1 < Transfer-Encoding: chunked
1 < Date: Sun, 17 Apr 2022 15:20:12 GMT
1 < Keep-Alive: timeout=60
1 < Connection: keep-alive
<List><item><jobId>1</jobId><jobTitle>Software Engg</jobTitle><jobDescription>To develop andriod application</jobDescription><experience><experience>Google</experience><experience>Apple</experience><experience>Mobile Iron</experience></experience><project><project><projectName>Movie App</projectName><technology><technology>Kotlin</technology><technology>SQL Lite</technology><technology>Gradle</technology></technology></project></project></item></List>
20:50:12.965 [main] INFO  com.intuit.karate - [print] <List>
  <item>
    <jobId>1</jobId>
    <jobTitle>Software Engg</jobTitle>
    <jobDescription>To develop andriod application</jobDescription>
    <experience>
      <experience>Google</experience>
      <experience>Apple</experience>
      <experience>Mobile Iron</experience>
    </experience>
    <project>
      <project>
        <projectName>Movie App</projectName>
        <technology>
          <technology>Kotlin</technology>
          <technology>SQL Lite</technology>
          <technology>Gradle</technology>
        </technology>
      </project>
    </project>
  </item>
</List>
 
20:50:13.114 [main] ERROR com.intuit.karate - classpath:com/api/automation/getRequest/XmlValidation.feature:16
And match response/List/item/experience[1] == "Google"
match failed: EQUALS
  / | data types don't match (XML:STRING)
  <experience><experience>Google</experience><experience>Apple</experience><experience>Mobile Iron</experience></experience>
  Google

classpath:com/api/automation/getRequest/XmlValidation.feature:16
20:56:57.626 [main] DEBUG com.intuit.karate.Suite - [config] classpath:karate-config.js
20:56:58.728 [main] INFO  com.intuit.karate - karate.env system property was: null 
20:56:59.114 [main] DEBUG com.intuit.karate - request:
1 > GET http://localhost:9090/normal/webapi/all
1 > Accept: application/xml
1 > Host: localhost:9090
1 > Connection: Keep-Alive
1 > User-Agent: Apache-HttpClient/4.5.13 (Java/16.0.2)
1 > Accept-Encoding: gzip,deflate


20:56:59.153 [main] DEBUG com.intuit.karate - response time in milliseconds: 36
1 < 200
1 < X-Content-Type-Options: nosniff
1 < X-XSS-Protection: 1; mode=block
1 < Cache-Control: no-cache, no-store, max-age=0, must-revalidate
1 < Pragma: no-cache
1 < Expires: 0
1 < X-Frame-Options: DENY
1 < Content-Type: application/xml
1 < Transfer-Encoding: chunked
1 < Date: Sun, 17 Apr 2022 15:26:59 GMT
1 < Keep-Alive: timeout=60
1 < Connection: keep-alive
<List><item><jobId>1</jobId><jobTitle>Software Engg</jobTitle><jobDescription>To develop andriod application</jobDescription><experience><experience>Google</experience><experience>Apple</experience><experience>Mobile Iron</experience></experience><project><project><projectName>Movie App</projectName><technology><technology>Kotlin</technology><technology>SQL Lite</technology><technology>Gradle</technology></technology></project></project></item></List>
20:56:59.172 [main] INFO  com.intuit.karate - [print] <List>
  <item>
    <jobId>1</jobId>
    <jobTitle>Software Engg</jobTitle>
    <jobDescription>To develop andriod application</jobDescription>
    <experience>
      <experience>Google</experience>
      <experience>Apple</experience>
      <experience>Mobile Iron</experience>
    </experience>
    <project>
      <project>
        <projectName>Movie App</projectName>
        <technology>
          <technology>Kotlin</technology>
          <technology>SQL Lite</technology>
          <technology>Gradle</technology>
        </technology>
      </project>
    </project>
  </item>
</List>
 
21:00:26.472 [main] DEBUG com.intuit.karate.Suite - [config] classpath:karate-config.js
21:00:27.542 [main] INFO  com.intuit.karate - karate.env system property was: null 
21:00:27.889 [main] DEBUG com.intuit.karate - request:
1 > GET http://localhost:9090/normal/webapi/all
1 > Accept: application/xml
1 > Host: localhost:9090
1 > Connection: Keep-Alive
1 > User-Agent: Apache-HttpClient/4.5.13 (Java/16.0.2)
1 > Accept-Encoding: gzip,deflate


21:00:27.926 [main] DEBUG com.intuit.karate - response time in milliseconds: 35
1 < 200
1 < X-Content-Type-Options: nosniff
1 < X-XSS-Protection: 1; mode=block
1 < Cache-Control: no-cache, no-store, max-age=0, must-revalidate
1 < Pragma: no-cache
1 < Expires: 0
1 < X-Frame-Options: DENY
1 < Content-Type: application/xml
1 < Transfer-Encoding: chunked
1 < Date: Sun, 17 Apr 2022 15:30:27 GMT
1 < Keep-Alive: timeout=60
1 < Connection: keep-alive
<List><item><jobId>1</jobId><jobTitle>Software Engg</jobTitle><jobDescription>To develop andriod application</jobDescription><experience><experience>Google</experience><experience>Apple</experience><experience>Mobile Iron</experience></experience><project><project><projectName>Movie App</projectName><technology><technology>Kotlin</technology><technology>SQL Lite</technology><technology>Gradle</technology></technology></project></project></item></List>
21:00:27.947 [main] INFO  com.intuit.karate - [print] <List>
  <item>
    <jobId>1</jobId>
    <jobTitle>Software Engg</jobTitle>
    <jobDescription>To develop andriod application</jobDescription>
    <experience>
      <experience>Google</experience>
      <experience>Apple</experience>
      <experience>Mobile Iron</experience>
    </experience>
    <project>
      <project>
        <projectName>Movie App</projectName>
        <technology>
          <technology>Kotlin</technology>
          <technology>SQL Lite</technology>
          <technology>Gradle</technology>
        </technology>
      </project>
    </project>
  </item>
</List>
 
21:01:24.249 [main] DEBUG com.intuit.karate.Suite - [config] classpath:karate-config.js
21:01:25.325 [main] INFO  com.intuit.karate - karate.env system property was: null 
21:01:25.663 [main] DEBUG com.intuit.karate - request:
1 > GET http://localhost:9090/normal/webapi/all
1 > Accept: application/xml
1 > Host: localhost:9090
1 > Connection: Keep-Alive
1 > User-Agent: Apache-HttpClient/4.5.13 (Java/16.0.2)
1 > Accept-Encoding: gzip,deflate


21:01:25.698 [main] DEBUG com.intuit.karate - response time in milliseconds: 32
1 < 200
1 < X-Content-Type-Options: nosniff
1 < X-XSS-Protection: 1; mode=block
1 < Cache-Control: no-cache, no-store, max-age=0, must-revalidate
1 < Pragma: no-cache
1 < Expires: 0
1 < X-Frame-Options: DENY
1 < Content-Type: application/xml
1 < Transfer-Encoding: chunked
1 < Date: Sun, 17 Apr 2022 15:31:25 GMT
1 < Keep-Alive: timeout=60
1 < Connection: keep-alive
<List><item><jobId>1</jobId><jobTitle>Software Engg</jobTitle><jobDescription>To develop andriod application</jobDescription><experience><experience>Google</experience><experience>Apple</experience><experience>Mobile Iron</experience></experience><project><project><projectName>Movie App</projectName><technology><technology>Kotlin</technology><technology>SQL Lite</technology><technology>Gradle</technology></technology></project></project></item></List>
20:53:45.278 [main] DEBUG com.intuit.karate.Suite - [config] classpath:karate-config.js
20:53:46.959 [main] INFO  com.intuit.karate - karate.env system property was: null 
20:53:47.001 [main] INFO  com.intuit.karate - [print]  value of a ==>  10 
20:53:47.003 [main] INFO  com.intuit.karate - [print]  userName ==>   Rocky  
